2025-01-05 17:52:30,061 - INFO - Fetching states
2025-01-05 17:52:31,005 - INFO - Collecting: UnidentifiedPersons
2025-01-05 17:52:31,005 - INFO - Fetching case identifiers
2025-01-05 17:52:33,529 - INFO - Found 15150 cases
2025-01-05 17:52:33,529 - INFO - Creating output file
2025-01-05 17:52:33,535 - INFO - Starting case processing
2025-01-05 17:52:39,376 - INFO - Completed 50 cases
2025-01-05 17:52:41,523 - INFO - Completed 100 cases
2025-01-05 17:52:43,599 - INFO - Completed 150 cases
2025-01-05 17:52:46,060 - INFO - Completed 200 cases
2025-01-05 17:52:48,185 - INFO - Completed 250 cases
2025-01-05 17:52:50,966 - INFO - Completed 300 cases
2025-01-05 17:52:53,186 - INFO - Completed 350 cases
2025-01-05 17:52:55,245 - INFO - Completed 400 cases
2025-01-05 17:52:58,044 - INFO - Completed 450 cases
2025-01-05 17:53:00,544 - INFO - Completed 500 cases
2025-01-05 17:53:02,950 - INFO - Completed 550 cases
2025-01-05 17:53:05,157 - INFO - Completed 600 cases
2025-01-05 17:53:07,680 - INFO - Completed 650 cases
2025-01-05 17:53:09,673 - INFO - Completed 700 cases
2025-01-05 17:53:11,825 - INFO - Completed 750 cases
2025-01-05 17:53:14,362 - INFO - Completed 800 cases
2025-01-05 17:53:16,506 - INFO - Completed 850 cases
2025-01-05 17:53:18,957 - INFO - Completed 900 cases
2025-01-05 17:53:21,362 - INFO - Completed 950 cases
2025-01-05 17:53:23,559 - INFO - Completed 1000 cases
2025-01-05 17:53:26,711 - INFO - Completed 1050 cases
2025-01-05 17:53:28,869 - INFO - Completed 1100 cases
2025-01-05 17:53:31,296 - INFO - Completed 1150 cases
2025-01-05 17:53:34,095 - INFO - Completed 1200 cases
2025-01-05 17:53:36,758 - INFO - Completed 1250 cases
2025-01-05 17:53:39,223 - INFO - Completed 1300 cases
2025-01-05 17:53:41,603 - INFO - Completed 1350 cases
2025-01-05 17:53:44,335 - INFO - Completed 1400 cases
2025-01-05 17:53:46,411 - INFO - Completed 1450 cases
2025-01-05 17:53:48,307 - INFO - Completed 1500 cases
2025-01-05 17:53:50,746 - INFO - Completed 1550 cases
2025-01-05 17:53:53,114 - INFO - Completed 1600 cases
2025-01-05 17:53:55,470 - INFO - Completed 1650 cases
2025-01-05 17:53:57,409 - INFO - Completed 1700 cases
2025-01-05 17:54:00,404 - INFO - Completed 1750 cases
2025-01-05 17:54:02,499 - INFO - Completed 1800 cases
2025-01-05 17:54:04,417 - INFO - Completed 1850 cases
2025-01-05 17:54:06,874 - INFO - Completed 1900 cases
2025-01-05 17:54:09,110 - INFO - Completed 1950 cases
2025-01-05 17:54:11,418 - INFO - Completed 2000 cases
2025-01-05 17:54:13,955 - INFO - Completed 2050 cases
2025-01-05 17:54:16,436 - INFO - Completed 2100 cases
2025-01-05 17:54:18,189 - INFO - Completed 2150 cases
2025-01-05 17:54:20,792 - INFO - Completed 2200 cases
2025-01-05 17:54:23,260 - INFO - Completed 2250 cases
2025-01-05 17:54:25,754 - INFO - Completed 2300 cases
2025-01-05 17:54:28,061 - INFO - Completed 2350 cases
2025-01-05 17:54:29,951 - INFO - Completed 2400 cases
2025-01-05 17:54:31,882 - INFO - Completed 2450 cases
2025-01-05 17:54:35,161 - INFO - Completed 2500 cases
2025-01-05 17:54:37,283 - INFO - Completed 2550 cases
2025-01-05 17:54:39,320 - INFO - Completed 2600 cases
2025-01-05 17:54:41,904 - INFO - Completed 2650 cases
2025-01-05 17:54:44,378 - INFO - Completed 2700 cases
2025-01-05 17:54:46,322 - INFO - Completed 2750 cases
2025-01-05 17:54:48,327 - INFO - Completed 2800 cases
2025-01-05 17:54:50,598 - INFO - Completed 2850 cases
2025-01-05 17:54:53,098 - INFO - Completed 2900 cases
2025-01-05 17:54:55,169 - INFO - Completed 2950 cases
2025-01-05 17:54:58,070 - INFO - Completed 3000 cases
2025-01-05 17:55:00,121 - INFO - Completed 3050 cases
2025-01-05 17:55:02,240 - INFO - Completed 3100 cases
2025-01-05 17:55:04,393 - INFO - Completed 3150 cases
2025-01-05 17:55:06,456 - INFO - Completed 3200 cases
2025-01-05 17:55:09,018 - INFO - Completed 3250 cases
2025-01-05 17:55:11,076 - INFO - Completed 3300 cases
2025-01-05 17:55:13,764 - INFO - Completed 3350 cases
2025-01-05 17:55:16,094 - INFO - Completed 3400 cases
2025-01-05 17:55:18,382 - INFO - Completed 3450 cases
2025-01-05 17:55:19,802 - INFO - Completed 3500 cases
2025-01-05 17:55:22,005 - INFO - Completed 3550 cases
2025-01-05 17:55:24,126 - INFO - Completed 3600 cases
2025-01-05 17:55:26,124 - INFO - Completed 3650 cases
2025-01-05 17:55:27,672 - INFO - Completed 3700 cases
2025-01-05 17:55:29,819 - INFO - Completed 3750 cases
2025-01-05 17:55:31,908 - INFO - Completed 3800 cases
2025-01-05 17:55:34,372 - INFO - Completed 3850 cases
2025-01-05 17:55:37,041 - INFO - Completed 3900 cases
2025-01-05 17:55:39,070 - INFO - Completed 3950 cases
2025-01-05 17:55:41,123 - INFO - Completed 4000 cases
2025-01-05 17:55:42,903 - INFO - Completed 4050 cases
2025-01-05 17:55:45,165 - INFO - Completed 4100 cases
2025-01-05 17:55:47,117 - INFO - Completed 4150 cases
2025-01-05 17:55:48,924 - INFO - Completed 4200 cases
2025-01-05 17:55:50,908 - INFO - Completed 4250 cases
2025-01-05 17:55:53,158 - INFO - Completed 4300 cases
2025-01-05 17:55:55,197 - INFO - Completed 4350 cases
2025-01-05 17:55:57,241 - INFO - Completed 4400 cases
2025-01-05 17:55:59,601 - INFO - Completed 4450 cases
2025-01-05 17:56:01,422 - INFO - Completed 4500 cases
2025-01-05 17:56:03,188 - INFO - Completed 4550 cases
2025-01-05 17:56:05,585 - INFO - Completed 4600 cases
2025-01-05 17:56:07,539 - INFO - Completed 4650 cases
2025-01-05 17:56:09,500 - INFO - Completed 4700 cases
2025-01-05 17:56:11,478 - INFO - Completed 4750 cases
2025-01-05 17:56:13,954 - INFO - Completed 4800 cases
2025-01-05 17:56:16,136 - INFO - Completed 4850 cases
2025-01-05 17:56:18,059 - INFO - Completed 4900 cases
2025-01-05 18:06:46,291 - INFO - Fetching states
2025-01-05 18:06:47,279 - INFO - Collecting: UnidentifiedPersons
2025-01-05 18:06:47,279 - INFO - Fetching case identifiers
2025-01-05 18:06:49,750 - INFO - Found 15150 cases
2025-01-05 18:06:49,750 - INFO - Creating output file
2025-01-05 18:06:49,751 - INFO - Starting case processing
2025-01-05 18:06:55,124 - INFO - Completed 50 cases
2025-01-05 18:06:57,878 - INFO - Completed 100 cases
2025-01-05 18:07:00,050 - INFO - Completed 150 cases
2025-01-05 18:07:02,769 - INFO - Completed 200 cases
2025-01-05 18:07:04,807 - INFO - Completed 250 cases
2025-01-05 18:07:07,541 - INFO - Completed 300 cases
2025-01-05 18:07:09,655 - INFO - Completed 350 cases
2025-01-05 18:07:12,093 - INFO - Completed 400 cases
2025-01-05 18:07:14,439 - INFO - Completed 450 cases
2025-01-05 18:07:16,521 - INFO - Completed 500 cases
2025-01-05 18:07:18,273 - INFO - Completed 550 cases
2025-01-05 18:07:21,041 - INFO - Completed 600 cases
2025-01-05 18:07:23,253 - INFO - Completed 650 cases
2025-01-05 18:07:25,651 - INFO - Completed 700 cases
2025-01-05 18:07:28,504 - INFO - Completed 750 cases
2025-01-05 18:07:30,807 - INFO - Completed 800 cases
2025-01-05 18:07:34,191 - INFO - Completed 850 cases
2025-01-05 18:07:37,135 - INFO - Completed 900 cases
2025-01-05 18:07:39,454 - INFO - Completed 950 cases
2025-01-05 18:07:41,646 - INFO - Completed 1000 cases
2025-01-05 18:07:43,894 - INFO - Completed 1050 cases
2025-01-05 18:07:46,068 - INFO - Completed 1100 cases
2025-01-05 18:07:48,256 - INFO - Completed 1150 cases
2025-01-05 18:07:50,992 - INFO - Completed 1200 cases
2025-01-05 18:07:53,039 - INFO - Completed 1250 cases
2025-01-05 18:07:55,271 - INFO - Completed 1300 cases
2025-01-05 18:07:57,460 - INFO - Completed 1350 cases
2025-01-05 18:07:59,597 - INFO - Completed 1400 cases
2025-01-05 18:08:01,925 - INFO - Completed 1450 cases
2025-01-05 18:08:04,073 - INFO - Completed 1500 cases
2025-01-05 18:08:05,878 - INFO - Completed 1550 cases
2025-01-05 18:08:08,271 - INFO - Completed 1600 cases
2025-01-05 18:08:10,483 - INFO - Completed 1650 cases
2025-01-05 18:08:12,738 - INFO - Completed 1700 cases
2025-01-05 18:08:14,774 - INFO - Completed 1750 cases
2025-01-05 18:08:17,130 - INFO - Completed 1800 cases
2025-01-05 18:08:19,148 - INFO - Completed 1850 cases
2025-01-05 18:08:21,390 - INFO - Completed 1900 cases
2025-01-05 18:08:23,620 - INFO - Completed 1950 cases
2025-01-05 18:08:26,146 - INFO - Completed 2000 cases
2025-01-05 18:08:28,434 - INFO - Completed 2050 cases
2025-01-05 18:08:30,832 - INFO - Completed 2100 cases
2025-01-05 18:08:33,216 - INFO - Completed 2150 cases
2025-01-05 18:08:35,990 - INFO - Completed 2200 cases
2025-01-05 18:08:37,904 - INFO - Completed 2250 cases
2025-01-05 18:08:40,141 - INFO - Completed 2300 cases
2025-01-05 18:08:42,193 - INFO - Completed 2350 cases
2025-01-05 18:08:43,941 - INFO - Completed 2400 cases
2025-01-05 18:08:46,654 - INFO - Completed 2450 cases
2025-01-05 18:08:48,130 - INFO - Completed 2500 cases
2025-01-05 18:08:50,311 - INFO - Completed 2550 cases
2025-01-05 18:08:52,434 - INFO - Completed 2600 cases
2025-01-05 18:08:54,936 - INFO - Completed 2650 cases
2025-01-05 18:08:56,836 - INFO - Completed 2700 cases
2025-01-05 18:08:58,774 - INFO - Completed 2750 cases
2025-01-05 18:09:00,898 - INFO - Completed 2800 cases
2025-01-05 18:09:02,709 - INFO - Completed 2850 cases
2025-01-05 18:09:06,605 - INFO - Completed 2900 cases
2025-01-05 18:09:12,640 - INFO - Completed 2950 cases
2025-01-05 18:09:16,155 - INFO - Completed 3000 cases
2025-01-05 18:09:18,103 - INFO - Completed 3050 cases
2025-01-05 18:09:20,530 - INFO - Completed 3100 cases
2025-01-05 18:09:22,560 - INFO - Completed 3150 cases
2025-01-05 18:09:24,384 - INFO - Completed 3200 cases
2025-01-05 18:09:26,666 - INFO - Completed 3250 cases
2025-01-05 18:09:28,855 - INFO - Completed 3300 cases
2025-01-05 18:09:30,976 - INFO - Completed 3350 cases
2025-01-05 18:09:33,350 - INFO - Completed 3400 cases
2025-01-05 18:09:36,367 - INFO - Completed 3450 cases
2025-01-05 18:09:38,240 - INFO - Completed 3500 cases
2025-01-05 18:09:40,611 - INFO - Completed 3550 cases
2025-01-05 18:09:52,468 - INFO - Completed 3600 cases
2025-01-05 18:09:54,186 - INFO - Completed 3650 cases
2025-01-05 18:09:56,258 - INFO - Completed 3700 cases
2025-01-05 18:09:58,252 - INFO - Completed 3750 cases
2025-01-05 18:10:00,289 - INFO - Completed 3800 cases
2025-01-05 18:10:02,417 - INFO - Completed 3850 cases
2025-01-05 18:10:04,536 - INFO - Completed 3900 cases
2025-01-05 18:10:07,451 - INFO - Completed 3950 cases
2025-01-05 18:10:30,412 - INFO - Completed 4000 cases
2025-01-05 18:10:31,542 - INFO - Completed 4050 cases
2025-01-05 18:10:34,412 - INFO - Completed 4100 cases
2025-01-05 18:10:36,473 - INFO - Completed 4150 cases
2025-01-05 18:10:38,871 - INFO - Completed 4200 cases
2025-01-05 18:10:41,079 - INFO - Completed 4250 cases
2025-01-05 18:10:43,384 - INFO - Completed 4300 cases
2025-01-05 18:10:44,884 - INFO - Completed 4350 cases
2025-01-05 18:10:46,752 - INFO - Completed 4400 cases
2025-01-05 18:10:48,612 - INFO - Completed 4450 cases
2025-01-05 18:10:51,377 - INFO - Completed 4500 cases
2025-01-05 18:10:53,753 - INFO - Completed 4550 cases
2025-01-05 18:10:55,416 - INFO - Completed 4600 cases
2025-01-05 18:10:57,428 - INFO - Completed 4650 cases
2025-01-05 18:10:59,781 - INFO - Completed 4700 cases
2025-01-05 18:11:01,411 - INFO - Completed 4750 cases
2025-01-05 18:11:03,877 - INFO - Completed 4800 cases
2025-01-05 18:11:05,726 - INFO - Completed 4850 cases
2025-01-05 18:11:08,118 - INFO - Completed 4900 cases
2025-01-05 18:11:09,990 - INFO - Completed 4950 cases
2025-01-05 18:11:12,200 - INFO - Completed 5000 cases
2025-01-05 18:11:14,481 - INFO - Completed 5050 cases
2025-01-05 18:11:16,735 - INFO - Completed 5100 cases
2025-01-05 18:11:18,945 - INFO - Completed 5150 cases
2025-01-05 18:11:20,476 - INFO - Completed 5200 cases
2025-01-05 18:11:22,801 - INFO - Completed 5250 cases
2025-01-05 18:11:25,007 - INFO - Completed 5300 cases
2025-01-05 18:11:27,576 - INFO - Completed 5350 cases
2025-01-05 18:11:29,596 - INFO - Completed 5400 cases
2025-01-05 18:11:31,613 - INFO - Completed 5450 cases
2025-01-05 18:11:33,669 - INFO - Completed 5500 cases
2025-01-05 18:11:36,609 - INFO - Completed 5550 cases
2025-01-05 18:11:38,995 - INFO - Completed 5600 cases
2025-01-05 18:11:41,217 - INFO - Completed 5650 cases
2025-01-05 18:11:43,715 - INFO - Completed 5700 cases
2025-01-05 18:11:45,674 - INFO - Completed 5750 cases
2025-01-05 18:11:47,850 - INFO - Completed 5800 cases
2025-01-05 18:11:50,009 - INFO - Completed 5850 cases
2025-01-05 18:11:52,590 - INFO - Completed 5900 cases
2025-01-05 18:11:55,038 - INFO - Completed 5950 cases
2025-01-05 18:11:57,481 - INFO - Completed 6000 cases
2025-01-05 18:11:59,941 - INFO - Completed 6050 cases
2025-01-05 18:12:02,419 - INFO - Completed 6100 cases
2025-01-05 18:12:04,399 - INFO - Completed 6150 cases
2025-01-05 18:12:06,445 - INFO - Completed 6200 cases
2025-01-05 18:12:08,725 - INFO - Completed 6250 cases
2025-01-05 18:12:10,771 - INFO - Completed 6300 cases
2025-01-05 18:12:13,587 - INFO - Completed 6350 cases
2025-01-05 18:12:15,836 - INFO - Completed 6400 cases
2025-01-05 18:12:17,741 - INFO - Completed 6450 cases
2025-01-05 18:12:19,700 - INFO - Completed 6500 cases
2025-01-05 18:12:21,891 - INFO - Completed 6550 cases
2025-01-05 18:12:24,364 - INFO - Completed 6600 cases
2025-01-05 18:12:27,645 - INFO - Completed 6650 cases
2025-01-05 18:12:30,154 - INFO - Completed 6700 cases
2025-01-05 18:12:32,279 - INFO - Completed 6750 cases
2025-01-05 18:12:34,697 - INFO - Completed 6800 cases
2025-01-05 18:12:37,383 - INFO - Completed 6850 cases
2025-01-05 18:12:39,615 - INFO - Completed 6900 cases
2025-01-05 18:12:41,644 - INFO - Completed 6950 cases
2025-01-05 18:12:43,872 - INFO - Completed 7000 cases
2025-01-05 18:12:45,895 - INFO - Completed 7050 cases
2025-01-05 18:12:48,254 - INFO - Completed 7100 cases
2025-01-05 18:12:50,315 - INFO - Completed 7150 cases
2025-01-05 18:12:52,500 - INFO - Completed 7200 cases
2025-01-05 18:12:55,143 - INFO - Completed 7250 cases
2025-01-05 18:12:57,378 - INFO - Completed 7300 cases
2025-01-05 18:12:59,824 - INFO - Completed 7350 cases
2025-01-05 18:13:02,090 - INFO - Completed 7400 cases
2025-01-05 18:13:04,157 - INFO - Completed 7450 cases
2025-01-05 18:13:06,413 - INFO - Completed 7500 cases
2025-01-05 18:13:09,076 - INFO - Completed 7550 cases
2025-01-05 18:13:11,515 - INFO - Completed 7600 cases
2025-01-05 18:13:13,911 - INFO - Completed 7650 cases
2025-01-05 18:13:15,959 - INFO - Completed 7700 cases
2025-01-05 18:13:17,855 - INFO - Completed 7750 cases
2025-01-05 18:13:20,070 - INFO - Completed 7800 cases
2025-01-05 18:13:22,867 - INFO - Completed 7850 cases
2025-01-05 18:13:25,373 - INFO - Completed 7900 cases
2025-01-05 18:13:27,464 - INFO - Completed 7950 cases
2025-01-05 18:13:30,312 - INFO - Completed 8000 cases
2025-01-05 18:13:32,500 - INFO - Completed 8050 cases
2025-01-05 18:13:35,410 - INFO - Completed 8100 cases
2025-01-05 18:13:37,966 - INFO - Completed 8150 cases
2025-01-05 18:13:40,531 - INFO - Completed 8200 cases
2025-01-05 18:13:42,493 - INFO - Completed 8250 cases
2025-01-05 18:13:57,928 - INFO - Completed 8300 cases
2025-01-05 18:14:00,502 - INFO - Completed 8350 cases
2025-01-05 18:14:03,795 - INFO - Completed 8400 cases
2025-01-05 18:14:06,049 - INFO - Completed 8450 cases
2025-01-05 18:14:08,487 - INFO - Completed 8500 cases
2025-01-05 18:14:10,806 - INFO - Completed 8550 cases
2025-01-05 18:14:13,404 - INFO - Completed 8600 cases
2025-01-05 18:14:15,939 - INFO - Completed 8650 cases
2025-01-05 18:14:18,104 - INFO - Completed 8700 cases
2025-01-05 18:14:20,352 - INFO - Completed 8750 cases
2025-01-05 18:14:23,265 - INFO - Completed 8800 cases
2025-01-05 18:14:25,617 - INFO - Completed 8850 cases
2025-01-05 18:14:27,765 - INFO - Completed 8900 cases
2025-01-05 18:14:30,552 - INFO - Completed 8950 cases
2025-01-05 18:14:33,359 - INFO - Completed 9000 cases
2025-01-05 18:14:36,422 - INFO - Completed 9050 cases
2025-01-05 18:14:38,839 - INFO - Completed 9100 cases
2025-01-05 18:14:40,899 - INFO - Completed 9150 cases
2025-01-05 18:14:42,991 - INFO - Completed 9200 cases
2025-01-05 18:14:45,846 - INFO - Completed 9250 cases
2025-01-05 18:14:48,459 - INFO - Completed 9300 cases
2025-01-05 18:14:50,997 - INFO - Completed 9350 cases
2025-01-05 18:14:53,592 - INFO - Completed 9400 cases
2025-01-05 18:14:55,478 - INFO - Completed 9450 cases
2025-01-05 18:14:58,019 - INFO - Completed 9500 cases
2025-01-05 18:15:00,810 - INFO - Completed 9550 cases
2025-01-05 18:15:04,089 - INFO - Completed 9600 cases
2025-01-05 18:15:06,270 - INFO - Completed 9650 cases
2025-01-05 18:15:08,049 - INFO - Completed 9700 cases
2025-01-05 18:15:10,013 - INFO - Completed 9750 cases
2025-01-05 18:15:12,289 - INFO - Completed 9800 cases
2025-01-05 18:15:14,434 - INFO - Completed 9850 cases
2025-01-05 18:15:17,014 - INFO - Completed 9900 cases
2025-01-05 18:15:18,419 - INFO - Completed 9950 cases
2025-01-05 18:15:20,728 - INFO - Completed 10000 cases
2025-01-05 18:15:23,030 - INFO - Completed 10050 cases
2025-01-05 18:15:25,007 - INFO - Completed 10100 cases
2025-01-05 18:15:27,625 - INFO - Completed 10150 cases
2025-01-05 18:15:30,009 - INFO - Completed 10200 cases
2025-01-05 18:15:32,226 - INFO - Completed 10250 cases
2025-01-05 18:15:34,838 - INFO - Completed 10300 cases
2025-01-05 18:15:37,169 - INFO - Completed 10350 cases
2025-01-05 18:15:39,575 - INFO - Completed 10400 cases
2025-01-05 18:15:41,966 - INFO - Completed 10450 cases
2025-01-05 18:15:44,281 - INFO - Completed 10500 cases
2025-01-05 18:15:46,436 - INFO - Completed 10550 cases
2025-01-05 18:15:48,487 - INFO - Completed 10600 cases
2025-01-05 18:15:50,520 - INFO - Completed 10650 cases
2025-01-05 18:15:52,953 - INFO - Completed 10700 cases
2025-01-05 18:15:55,532 - INFO - Completed 10750 cases
2025-01-05 18:15:57,662 - INFO - Completed 10800 cases
2025-01-05 18:15:59,921 - INFO - Completed 10850 cases
2025-01-05 18:16:02,085 - INFO - Completed 10900 cases
2025-01-05 18:16:04,446 - INFO - Completed 10950 cases
2025-01-05 18:16:06,849 - INFO - Completed 11000 cases
2025-01-05 18:16:09,394 - INFO - Completed 11050 cases
2025-01-05 18:16:11,315 - INFO - Completed 11100 cases
2025-01-05 18:16:14,107 - INFO - Completed 11150 cases
2025-01-05 18:16:19,871 - INFO - Completed 11200 cases
2025-01-05 18:16:21,418 - INFO - Completed 11250 cases
2025-01-05 18:16:24,199 - INFO - Completed 11300 cases
2025-01-05 18:16:26,427 - INFO - Completed 11350 cases
2025-01-05 18:16:41,469 - INFO - Completed 11400 cases
2025-01-05 18:16:45,244 - INFO - Completed 11450 cases
2025-01-05 18:16:48,279 - INFO - Completed 11500 cases
2025-01-05 18:16:51,424 - INFO - Completed 11550 cases
2025-01-05 18:16:53,727 - INFO - Completed 11600 cases
2025-01-05 18:16:56,019 - INFO - Completed 11650 cases
2025-01-05 18:16:58,375 - INFO - Completed 11700 cases
2025-01-05 18:17:01,213 - INFO - Completed 11750 cases
2025-01-05 18:17:03,164 - INFO - Completed 11800 cases
2025-01-05 18:17:05,421 - INFO - Completed 11850 cases
2025-01-05 18:17:07,600 - INFO - Completed 11900 cases
2025-01-05 18:17:10,075 - INFO - Completed 11950 cases
2025-01-05 18:17:12,248 - INFO - Completed 12000 cases
2025-01-05 18:17:14,461 - INFO - Completed 12050 cases
2025-01-05 18:17:16,196 - INFO - Completed 12100 cases
2025-01-05 18:17:18,300 - INFO - Completed 12150 cases
2025-01-05 18:17:20,636 - INFO - Completed 12200 cases
2025-01-05 18:17:22,700 - INFO - Completed 12250 cases
2025-01-05 18:17:24,921 - INFO - Completed 12300 cases
2025-01-05 18:17:27,031 - INFO - Completed 12350 cases
2025-01-05 18:17:29,182 - INFO - Completed 12400 cases
2025-01-05 18:17:31,505 - INFO - Completed 12450 cases
2025-01-05 18:17:34,420 - INFO - Completed 12500 cases
2025-01-05 18:17:36,603 - INFO - Completed 12550 cases
2025-01-05 18:17:38,694 - INFO - Completed 12600 cases
2025-01-05 18:17:41,040 - INFO - Completed 12650 cases
2025-01-05 18:17:43,373 - INFO - Completed 12700 cases
2025-01-05 18:17:45,656 - INFO - Completed 12750 cases
2025-01-05 18:17:47,674 - INFO - Completed 12800 cases
2025-01-05 18:17:49,985 - INFO - Completed 12850 cases
2025-01-05 18:17:52,439 - INFO - Completed 12900 cases
2025-01-05 18:17:54,909 - INFO - Completed 12950 cases
2025-01-05 18:17:57,108 - INFO - Completed 13000 cases
2025-01-05 18:17:59,205 - INFO - Completed 13050 cases
2025-01-05 18:18:01,388 - INFO - Completed 13100 cases
2025-01-05 18:18:03,858 - INFO - Completed 13150 cases
2025-01-05 18:18:06,396 - INFO - Completed 13200 cases
2025-01-05 18:18:08,707 - INFO - Completed 13250 cases
2025-01-05 18:18:10,948 - INFO - Completed 13300 cases
2025-01-05 18:18:12,988 - INFO - Completed 13350 cases
2025-01-05 18:18:14,972 - INFO - Completed 13400 cases
2025-01-05 18:18:17,117 - INFO - Completed 13450 cases
2025-01-05 18:18:19,461 - INFO - Completed 13500 cases
2025-01-05 18:18:21,958 - INFO - Completed 13550 cases
2025-01-05 18:18:24,274 - INFO - Completed 13600 cases
2025-01-05 18:18:26,649 - INFO - Completed 13650 cases
2025-01-05 18:18:28,074 - INFO - Completed 13700 cases
2025-01-05 18:18:30,397 - INFO - Completed 13750 cases
2025-01-05 18:18:33,186 - INFO - Completed 13800 cases
2025-01-05 18:18:35,789 - INFO - Completed 13850 cases
2025-01-05 18:18:38,114 - INFO - Completed 13900 cases
2025-01-05 18:18:40,174 - INFO - Completed 13950 cases
2025-01-05 18:18:42,214 - INFO - Completed 14000 cases
2025-01-05 18:18:44,792 - INFO - Completed 14050 cases
2025-01-05 18:18:47,983 - INFO - Completed 14100 cases
2025-01-05 18:18:49,330 - INFO - Completed 14150 cases
2025-01-05 18:18:51,593 - INFO - Completed 14200 cases
2025-01-05 18:18:54,259 - INFO - Completed 14250 cases
2025-01-05 18:18:59,184 - INFO - Completed 14300 cases
2025-01-05 18:19:01,777 - INFO - Completed 14350 cases
2025-01-05 18:19:20,243 - INFO - Completed 14400 cases
2025-01-05 18:19:23,703 - INFO - Completed 14450 cases
2025-01-05 18:19:25,497 - INFO - Completed 14500 cases
2025-01-05 18:19:27,433 - INFO - Completed 14550 cases
2025-01-05 18:19:30,084 - INFO - Completed 14600 cases
2025-01-05 18:19:32,818 - INFO - Completed 14650 cases
2025-01-05 18:19:35,874 - INFO - Completed 14700 cases
2025-01-05 18:19:38,496 - INFO - Completed 14750 cases
2025-01-05 18:19:40,920 - INFO - Completed 14800 cases
2025-01-05 18:19:43,725 - INFO - Completed 14850 cases
2025-01-05 18:19:45,509 - INFO - Completed 14900 cases
2025-01-05 18:19:47,975 - INFO - Completed 14950 cases
2025-01-05 18:19:51,801 - INFO - Completed 15000 cases
2025-01-05 18:19:54,610 - INFO - Completed 15050 cases
2025-01-05 18:19:58,408 - INFO - Completed 15100 cases
2025-01-05 18:19:59,974 - ERROR - Error writing to output file: 'charmap' codec can't encode character '\u200b' in position 2103: character maps to <undefined>
2025-01-05 18:19:59,974 - INFO - Scraping completed
